<?xml version="1.0" encoding="utf-8"?><testsuites name="pytest tests"><testsuite name="pytest" errors="0" failures="0" skipped="0" tests="18" time="2.687" timestamp="2026-03-28T12:11:08.326035+00:00" hostname="agent-env-4347fb0c-618b-4fb4-b2fc-eb8695438fad"><testcase classname="tests.test_promotions_concierge.TestPromotionsTargeted" name="test_promotions_targeted_returns_200" time="0.428" /><testcase classname="tests.test_promotions_concierge.TestPromotionsTargeted" name="test_promotions_targeted_returns_3_promotions" time="0.058" /><testcase classname="tests.test_promotions_concierge.TestPromotionsTargeted" name="test_promotions_have_required_fields" time="0.051" /><testcase classname="tests.test_promotions_concierge.TestPromotionsTargeted" name="test_promotions_have_relevance_scores" time="0.086" /><testcase classname="tests.test_promotions_concierge.TestPromotionsTargeted" name="test_promotions_include_expected_ids" time="0.051" /><testcase classname="tests.test_promotions_concierge.TestPromotionsTargeted" name="test_promotions_unauthorized_without_auth" time="0.109" /><testcase classname="tests.test_promotions_concierge.TestPromotionTrackClick" name="test_track_click_returns_200" time="0.411" /><testcase classname="tests.test_promotions_concierge.TestPromotionTrackClick" name="test_track_click_returns_ref_code" time="0.045" /><testcase classname="tests.test_promotions_concierge.TestPromotionTrackClick" name="test_track_click_unauthorized_without_auth" time="0.106" /><testcase classname="tests.test_promotions_concierge.TestHighValueAccounts" name="test_high_value_accounts_returns_200" time="0.413" /><testcase classname="tests.test_promotions_concierge.TestHighValueAccounts" name="test_high_value_accounts_returns_accounts" time="0.048" /><testcase classname="tests.test_promotions_concierge.TestHighValueAccounts" name="test_high_value_account_has_required_fields" time="0.053" /><testcase classname="tests.test_promotions_concierge.TestHighValueAccounts" name="test_get_single_high_value_account" time="0.095" /><testcase classname="tests.test_promotions_concierge.TestConciergeRequests" name="test_create_concierge_request_returns_200" time="0.417" /><testcase classname="tests.test_promotions_concierge.TestConciergeRequests" name="test_create_concierge_request_returns_id_and_message" time="0.045" /><testcase classname="tests.test_promotions_concierge.TestConciergeRequests" name="test_get_concierge_requests" time="0.046" /><testcase classname="tests.test_promotions_concierge.TestConciergeRequests" name="test_concierge_request_invalid_account_returns_404" time="0.055" /><testcase classname="tests.test_promotions_concierge.TestConciergeRequests" name="test_concierge_request_unauthorized_without_auth" time="0.108" /></testsuite></testsuites>