<?xml version="1.0" encoding="utf-8"?><testsuites name="pytest tests"><testsuite name="pytest" errors="0" failures="0" skipped="0" tests="21" time="3.907" timestamp="2026-03-28T12:44:17.529488+00:00" hostname="agent-env-4347fb0c-618b-4fb4-b2fc-eb8695438fad"><testcase classname="backend.tests.test_ccp_pivot.TestNetworkContacts" name="test_add_contact_returns_200" time="0.434" /><testcase classname="backend.tests.test_ccp_pivot.TestNetworkContacts" name="test_add_contact_with_minimal_data" time="0.045" /><testcase classname="backend.tests.test_ccp_pivot.TestNetworkContacts" name="test_get_contacts_returns_list" time="0.045" /><testcase classname="backend.tests.test_ccp_pivot.TestNetworkContacts" name="test_contacts_stats_structure" time="0.046" /><testcase classname="backend.tests.test_ccp_pivot.TestNetworkContacts" name="test_bulk_import_contacts" time="0.048" /><testcase classname="backend.tests.test_ccp_pivot.TestContactOptIn" name="test_toggle_opt_in_on" time="0.472" /><testcase classname="backend.tests.test_ccp_pivot.TestContactOptIn" name="test_toggle_opt_in_off" time="0.100" /><testcase classname="backend.tests.test_ccp_pivot.TestContactVerifyAndCCPAnalysis" name="test_verify_restaurant_contact_triggers_ccp_flag" time="0.509" /><testcase classname="backend.tests.test_ccp_pivot.TestContactVerifyAndCCPAnalysis" name="test_verify_non_ccp_contact_not_flagged" time="0.191" /><testcase classname="backend.tests.test_ccp_pivot.TestContactVerifyAndCCPAnalysis" name="test_ccp_analysis_has_required_fields" time="0.043" /><testcase classname="backend.tests.test_ccp_pivot.TestNotifications" name="test_get_notifications_returns_200" time="0.394" /><testcase classname="backend.tests.test_ccp_pivot.TestNotifications" name="test_notifications_structure" time="0.046" /><testcase classname="backend.tests.test_ccp_pivot.TestNotifications" name="test_ccp_notification_created_on_verify" time="0.184" /><testcase classname="backend.tests.test_ccp_pivot.TestPromotionsCCPOnly" name="test_promotions_returns_only_ccp_and_va" time="0.378" /><testcase classname="backend.tests.test_ccp_pivot.TestPromotionsCCPOnly" name="test_no_imago_or_menio_promotions" time="0.045" /><testcase classname="backend.tests.test_ccp_pivot.TestPromotionsCCPOnly" name="test_ccp_promotion_has_correct_content" time="0.045" /><testcase classname="backend.tests.test_ccp_pivot.TestContactDelete" name="test_delete_contact" time="0.461" /><testcase classname="backend.tests.test_ccp_pivot.TestContactDelete" name="test_delete_nonexistent_contact_returns_404" time="0.046" /><testcase classname="backend.tests.test_ccp_pivot.TestAuthProtection" name="test_contacts_unauthorized_without_auth" time="0.101" /><testcase classname="backend.tests.test_ccp_pivot.TestAuthProtection" name="test_notifications_unauthorized_without_auth" time="0.098" /><testcase classname="backend.tests.test_ccp_pivot.TestAuthProtection" name="test_add_contact_unauthorized_without_auth" time="0.093" /></testsuite></testsuites>